[2025-03-19 14:22:18] ERROR: include(C:\xampp\htdocs\lottery-analysis\public/templates/header.php): Failed to open stream: No such file or directory in C:\xampp\htdocs\lottery-analysis\public\index.php on line 39
[2025-03-19 14:22:18] ERROR: include(): Failed opening 'C:\xampp\htdocs\lottery-analysis\public/templates/header.php' for inclusion (include_path='C:\xampp\php\PEAR') in C:\xampp\htdocs\lottery-analysis\public\index.php on line 39
[2025-03-19 14:22:18] ERROR: include_once(C:\xampp\htdocs\lottery-analysis\public/templates/components/stat_card.php): Failed to open stream: No such file or directory in C:\xampp\htdocs\lottery-analysis\public\index.php on line 64
[2025-03-19 14:22:18] ERROR: include_once(): Failed opening 'C:\xampp\htdocs\lottery-analysis\public/templates/components/stat_card.php' for inclusion (include_path='C:\xampp\php\PEAR') in C:\xampp\htdocs\lottery-analysis\public\index.php on line 64
[2025-03-19 14:22:18] ERROR: include(C:\xampp\htdocs\lottery-analysis\public/templates/components/stat_card.php): Failed to open stream: No such file or directory in C:\xampp\htdocs\lottery-analysis\public\index.php on line 71
[2025-03-19 14:22:18] ERROR: include(): Failed opening 'C:\xampp\htdocs\lottery-analysis\public/templates/components/stat_card.php' for inclusion (include_path='C:\xampp\php\PEAR') in C:\xampp\htdocs\lottery-analysis\public\index.php on line 71
[2025-03-19 14:22:18] ERROR: include(C:\xampp\htdocs\lottery-analysis\public/templates/components/stat_card.php): Failed to open stream: No such file or directory in C:\xampp\htdocs\lottery-analysis\public\index.php on line 80
[2025-03-19 14:22:18] ERROR: include(): Failed opening 'C:\xampp\htdocs\lottery-analysis\public/templates/components/stat_card.php' for inclusion (include_path='C:\xampp\php\PEAR') in C:\xampp\htdocs\lottery-analysis\public\index.php on line 80
[2025-03-19 14:22:51] ERROR: include_once(C:\xampp\htdocs\lottery-analysis\public/templates/components/stat_card.php): Failed to open stream: No such file or directory in C:\xampp\htdocs\lottery-analysis\public\index.php on line 64
[2025-03-19 14:22:51] ERROR: include_once(): Failed opening 'C:\xampp\htdocs\lottery-analysis\public/templates/components/stat_card.php' for inclusion (include_path='C:\xampp\php\PEAR') in C:\xampp\htdocs\lottery-analysis\public\index.php on line 64
[2025-03-19 14:22:51] ERROR: include(C:\xampp\htdocs\lottery-analysis\public/templates/components/stat_card.php): Failed to open stream: No such file or directory in C:\xampp\htdocs\lottery-analysis\public\index.php on line 71
[2025-03-19 14:22:51] ERROR: include(): Failed opening 'C:\xampp\htdocs\lottery-analysis\public/templates/components/stat_card.php' for inclusion (include_path='C:\xampp\php\PEAR') in C:\xampp\htdocs\lottery-analysis\public\index.php on line 71
[2025-03-19 14:22:51] ERROR: include(C:\xampp\htdocs\lottery-analysis\public/templates/components/stat_card.php): Failed to open stream: No such file or directory in C:\xampp\htdocs\lottery-analysis\public\index.php on line 80
[2025-03-19 14:22:51] ERROR: include(): Failed opening 'C:\xampp\htdocs\lottery-analysis\public/templates/components/stat_card.php' for inclusion (include_path='C:\xampp\php\PEAR') in C:\xampp\htdocs\lottery-analysis\public\index.php on line 80
[2025-03-19 14:23:20] ERROR: Undefined variable $title in C:\xampp\htdocs\lottery-analysis\templates\components\stat_card.php on line 22
[2025-03-19 14:23:20] ERROR: Undefined variable $value in C:\xampp\htdocs\lottery-analysis\templates\components\stat_card.php on line 25
[2025-03-19 15:12:25] ERROR: include(C:\xampp\htdocs\lottery-analysis\public/templates/footer.php): Failed to open stream: No such file or directory in C:\xampp\htdocs\lottery-analysis\public\index.php on line 344
[2025-03-19 15:12:25] ERROR: include(): Failed opening 'C:\xampp\htdocs\lottery-analysis\public/templates/footer.php' for inclusion (include_path='C:\xampp\php\PEAR') in C:\xampp\htdocs\lottery-analysis\public\index.php on line 344
[2025-03-19 15:14:43] ERROR: Undefined variable $digitType in C:\xampp\htdocs\lottery-analysis\templates\components\prediction_card.php on line 25
[2025-03-19 15:14:43] ERROR: Undefined variable $digitType in C:\xampp\htdocs\lottery-analysis\templates\components\prediction_card.php on line 25
[2025-03-19 15:14:43] ERROR: Undefined variable $digitType in C:\xampp\htdocs\lottery-analysis\templates\components\prediction_card.php on line 25
[2025-03-19 15:14:43] ERROR: Undefined variable $digitType in C:\xampp\htdocs\lottery-analysis\templates\components\prediction_card.php on line 25
[2025-03-19 15:14:43] ERROR: Undefined variable $digitType in C:\xampp\htdocs\lottery-analysis\templates\components\prediction_card.php on line 25
[2025-03-19 15:14:43] ERROR: Undefined variable $digitType in C:\xampp\htdocs\lottery-analysis\templates\components\prediction_card.php on line 25
[2025-03-19 15:14:43] ERROR: Undefined variable $digitType in C:\xampp\htdocs\lottery-analysis\templates\components\prediction_card.php on line 25
[2025-03-19 15:14:43] ERROR: Undefined variable $digitType in C:\xampp\htdocs\lottery-analysis\templates\components\prediction_card.php on line 25
[2025-03-19 15:14:43] ERROR: Undefined variable $digitType in C:\xampp\htdocs\lottery-analysis\templates\components\prediction_card.php on line 25
[2025-03-19 15:14:43] ERROR: Undefined variable $digitType in C:\xampp\htdocs\lottery-analysis\templates\components\prediction_card.php on line 25
[2025-03-19 15:14:43] ERROR: Undefined variable $digitType in C:\xampp\htdocs\lottery-analysis\templates\components\prediction_card.php on line 25
[2025-03-19 15:14:43] ERROR: Undefined variable $digitType in C:\xampp\htdocs\lottery-analysis\templates\components\prediction_card.php on line 25
[2025-03-19 15:14:43] ERROR: Undefined variable $digitType in C:\xampp\htdocs\lottery-analysis\templates\components\prediction_card.php on line 25
[2025-03-19 15:14:43] ERROR: Undefined variable $digitType in C:\xampp\htdocs\lottery-analysis\templates\components\prediction_card.php on line 25
[2025-03-19 15:14:43] ERROR: Undefined variable $digitType in C:\xampp\htdocs\lottery-analysis\templates\components\prediction_card.php on line 25
[2025-03-19 15:14:43] ERROR: Undefined variable $digitType in C:\xampp\htdocs\lottery-analysis\templates\components\prediction_card.php on line 25
[2025-03-19 15:14:43] ERROR: Undefined variable $digitType in C:\xampp\htdocs\lottery-analysis\templates\components\prediction_card.php on line 25
[2025-03-19 15:14:43] ERROR: Undefined variable $digitType in C:\xampp\htdocs\lottery-analysis\templates\components\prediction_card.php on line 25
[2025-03-19 15:14:43] ERROR: Undefined variable $digitType in C:\xampp\htdocs\lottery-analysis\templates\components\prediction_card.php on line 25
[2025-03-19 15:14:43] ERROR: Undefined variable $digitType in C:\xampp\htdocs\lottery-analysis\templates\components\prediction_card.php on line 25
[2025-03-19 15:14:43] ERROR: Undefined variable $digitType in C:\xampp\htdocs\lottery-analysis\templates\components\prediction_card.php on line 25
[2025-03-19 15:14:43] ERROR: Undefined variable $digitType in C:\xampp\htdocs\lottery-analysis\templates\components\prediction_card.php on line 25
[2025-03-19 15:14:43] ERROR: Undefined variable $digitType in C:\xampp\htdocs\lottery-analysis\templates\components\prediction_card.php on line 25
[2025-03-19 15:14:43] ERROR: Undefined variable $digitType in C:\xampp\htdocs\lottery-analysis\templates\components\prediction_card.php on line 25
[2025-03-19 15:14:43] ERROR: Undefined variable $digitType in C:\xampp\htdocs\lottery-analysis\templates\components\prediction_card.php on line 25
[2025-03-19 15:14:43] ERROR: Undefined variable $digitType in C:\xampp\htdocs\lottery-analysis\templates\components\prediction_card.php on line 25
[2025-03-19 15:14:43] ERROR: Undefined variable $digitType in C:\xampp\htdocs\lottery-analysis\templates\components\prediction_card.php on line 25
[2025-03-19 15:14:43] ERROR: Undefined variable $digitType in C:\xampp\htdocs\lottery-analysis\templates\components\prediction_card.php on line 25
[2025-03-19 15:14:43] ERROR: Undefined variable $digitType in C:\xampp\htdocs\lottery-analysis\templates\components\prediction_card.php on line 25
[2025-03-19 15:14:43] ERROR: Undefined variable $digitType in C:\xampp\htdocs\lottery-analysis\templates\components\prediction_card.php on line 25
[2025-03-19 15:14:43] ERROR: Undefined variable $digitType in C:\xampp\htdocs\lottery-analysis\templates\components\prediction_card.php on line 25
[2025-03-19 15:14:43] ERROR: Undefined variable $digitType in C:\xampp\htdocs\lottery-analysis\templates\components\prediction_card.php on line 25
[2025-03-19 15:14:43] ERROR: Undefined variable $digitType in C:\xampp\htdocs\lottery-analysis\templates\components\prediction_card.php on line 25
[2025-03-19 15:14:43] ERROR: Undefined variable $digitType in C:\xampp\htdocs\lottery-analysis\templates\components\prediction_card.php on line 25
[2025-03-19 15:14:43] ERROR: Undefined variable $digitType in C:\xampp\htdocs\lottery-analysis\templates\components\prediction_card.php on line 25
[2025-03-19 15:14:43] ERROR: Undefined variable $digitType in C:\xampp\htdocs\lottery-analysis\templates\components\prediction_card.php on line 25
[2025-03-19 15:14:43] ERROR: Undefined variable $digitType in C:\xampp\htdocs\lottery-analysis\templates\components\prediction_card.php on line 25
[2025-03-19 15:14:43] ERROR: Undefined variable $digitType in C:\xampp\htdocs\lottery-analysis\templates\components\prediction_card.php on line 25
[2025-03-19 15:14:43] ERROR: Undefined variable $digitType in C:\xampp\htdocs\lottery-analysis\templates\components\prediction_card.php on line 25
[2025-03-19 15:14:43] ERROR: Undefined variable $digitType in C:\xampp\htdocs\lottery-analysis\templates\components\prediction_card.php on line 25
[2025-03-19 15:14:43] ERROR: Undefined variable $id in C:\xampp\htdocs\lottery-analysis\templates\components\chart_container.php on line 41
[2025-03-19 15:14:43] ERROR: Undefined variable $id in C:\xampp\htdocs\lottery-analysis\templates\components\chart_container.php on line 52
[2025-03-19 15:32:43] ERROR: Undefined variable $digitType in C:\xampp\htdocs\lottery-analysis\templates\components\prediction_card.php on line 25
[2025-03-19 15:32:43] ERROR: Undefined variable $digitType in C:\xampp\htdocs\lottery-analysis\templates\components\prediction_card.php on line 25
[2025-03-19 15:32:43] ERROR: Undefined variable $digitType in C:\xampp\htdocs\lottery-analysis\templates\components\prediction_card.php on line 25
[2025-03-19 15:32:43] ERROR: Undefined variable $digitType in C:\xampp\htdocs\lottery-analysis\templates\components\prediction_card.php on line 25
[2025-03-19 15:32:43] ERROR: Undefined variable $digitType in C:\xampp\htdocs\lottery-analysis\templates\components\prediction_card.php on line 25
[2025-03-19 15:32:43] ERROR: Undefined variable $digitType in C:\xampp\htdocs\lottery-analysis\templates\components\prediction_card.php on line 25
[2025-03-19 15:32:43] ERROR: Undefined variable $digitType in C:\xampp\htdocs\lottery-analysis\templates\components\prediction_card.php on line 25
[2025-03-19 15:32:43] ERROR: Undefined variable $digitType in C:\xampp\htdocs\lottery-analysis\templates\components\prediction_card.php on line 25
[2025-03-19 15:32:43] ERROR: Undefined variable $digitType in C:\xampp\htdocs\lottery-analysis\templates\components\prediction_card.php on line 25
[2025-03-19 15:32:43] ERROR: Undefined variable $digitType in C:\xampp\htdocs\lottery-analysis\templates\components\prediction_card.php on line 25
[2025-03-19 15:32:43] ERROR: Undefined variable $digitType in C:\xampp\htdocs\lottery-analysis\templates\components\prediction_card.php on line 25
[2025-03-19 15:32:43] ERROR: Undefined variable $digitType in C:\xampp\htdocs\lottery-analysis\templates\components\prediction_card.php on line 25
[2025-03-19 15:32:43] ERROR: Undefined variable $digitType in C:\xampp\htdocs\lottery-analysis\templates\components\prediction_card.php on line 25
[2025-03-19 15:32:43] ERROR: Undefined variable $digitType in C:\xampp\htdocs\lottery-analysis\templates\components\prediction_card.php on line 25
[2025-03-19 15:32:43] ERROR: Undefined variable $digitType in C:\xampp\htdocs\lottery-analysis\templates\components\prediction_card.php on line 25
[2025-03-19 15:32:43] ERROR: Undefined variable $digitType in C:\xampp\htdocs\lottery-analysis\templates\components\prediction_card.php on line 25
[2025-03-19 15:32:43] ERROR: Undefined variable $digitType in C:\xampp\htdocs\lottery-analysis\templates\components\prediction_card.php on line 25
[2025-03-19 15:32:43] ERROR: Undefined variable $digitType in C:\xampp\htdocs\lottery-analysis\templates\components\prediction_card.php on line 25
[2025-03-19 15:32:43] ERROR: Undefined variable $digitType in C:\xampp\htdocs\lottery-analysis\templates\components\prediction_card.php on line 25
[2025-03-19 15:32:43] ERROR: Undefined variable $digitType in C:\xampp\htdocs\lottery-analysis\templates\components\prediction_card.php on line 25
[2025-03-19 15:32:43] ERROR: Undefined variable $digitType in C:\xampp\htdocs\lottery-analysis\templates\components\prediction_card.php on line 25
[2025-03-19 15:32:43] ERROR: Undefined variable $digitType in C:\xampp\htdocs\lottery-analysis\templates\components\prediction_card.php on line 25
[2025-03-19 15:32:43] ERROR: Undefined variable $digitType in C:\xampp\htdocs\lottery-analysis\templates\components\prediction_card.php on line 25
[2025-03-19 15:32:43] ERROR: Undefined variable $digitType in C:\xampp\htdocs\lottery-analysis\templates\components\prediction_card.php on line 25
[2025-03-19 15:32:43] ERROR: Undefined variable $digitType in C:\xampp\htdocs\lottery-analysis\templates\components\prediction_card.php on line 25
[2025-03-19 15:32:43] ERROR: Undefined variable $digitType in C:\xampp\htdocs\lottery-analysis\templates\components\prediction_card.php on line 25
[2025-03-19 15:32:43] ERROR: Undefined variable $digitType in C:\xampp\htdocs\lottery-analysis\templates\components\prediction_card.php on line 25
[2025-03-19 15:32:43] ERROR: Undefined variable $digitType in C:\xampp\htdocs\lottery-analysis\templates\components\prediction_card.php on line 25
[2025-03-19 15:32:43] ERROR: Undefined variable $digitType in C:\xampp\htdocs\lottery-analysis\templates\components\prediction_card.php on line 25
[2025-03-19 15:32:43] ERROR: Undefined variable $digitType in C:\xampp\htdocs\lottery-analysis\templates\components\prediction_card.php on line 25
[2025-03-19 15:32:43] ERROR: Undefined variable $digitType in C:\xampp\htdocs\lottery-analysis\templates\components\prediction_card.php on line 25
[2025-03-19 15:32:43] ERROR: Undefined variable $digitType in C:\xampp\htdocs\lottery-analysis\templates\components\prediction_card.php on line 25
[2025-03-19 15:32:43] ERROR: Undefined variable $digitType in C:\xampp\htdocs\lottery-analysis\templates\components\prediction_card.php on line 25
[2025-03-19 15:32:43] ERROR: Undefined variable $digitType in C:\xampp\htdocs\lottery-analysis\templates\components\prediction_card.php on line 25
[2025-03-19 15:32:43] ERROR: Undefined variable $digitType in C:\xampp\htdocs\lottery-analysis\templates\components\prediction_card.php on line 25
[2025-03-19 15:32:43] ERROR: Undefined variable $digitType in C:\xampp\htdocs\lottery-analysis\templates\components\prediction_card.php on line 25
[2025-03-19 15:32:43] ERROR: Undefined variable $digitType in C:\xampp\htdocs\lottery-analysis\templates\components\prediction_card.php on line 25
[2025-03-19 15:32:43] ERROR: Undefined variable $digitType in C:\xampp\htdocs\lottery-analysis\templates\components\prediction_card.php on line 25
[2025-03-19 15:32:43] ERROR: Undefined variable $digitType in C:\xampp\htdocs\lottery-analysis\templates\components\prediction_card.php on line 25
[2025-03-19 15:32:43] ERROR: Undefined variable $digitType in C:\xampp\htdocs\lottery-analysis\templates\components\prediction_card.php on line 25
[2025-03-19 15:32:43] ERROR: Undefined variable $id in C:\xampp\htdocs\lottery-analysis\templates\components\chart_container.php on line 41
[2025-03-19 15:32:43] ERROR: Undefined variable $id in C:\xampp\htdocs\lottery-analysis\templates\components\chart_container.php on line 52
[2025-03-19 15:49:06] ERROR: Undefined variable $id in C:\xampp\htdocs\lottery-analysis\templates\components\chart_container.php on line 41
[2025-03-19 15:49:06] ERROR: Undefined variable $id in C:\xampp\htdocs\lottery-analysis\templates\components\chart_container.php on line 52
[2025-03-19 15:49:42] ERROR: Undefined variable $id in C:\xampp\htdocs\lottery-analysis\templates\components\chart_container.php on line 41
[2025-03-19 15:49:42] ERROR: Undefined variable $id in C:\xampp\htdocs\lottery-analysis\templates\components\chart_container.php on line 52
[2025-03-19 15:50:51] ERROR: Undefined variable $id in C:\xampp\htdocs\lottery-analysis\templates\components\chart_container.php on line 41
[2025-03-19 15:50:51] ERROR: Undefined variable $id in C:\xampp\htdocs\lottery-analysis\templates\components\chart_container.php on line 52
[2025-03-19 15:52:28] ERROR: Undefined variable $id in C:\xampp\htdocs\lottery-analysis\templates\components\chart_container.php on line 41
[2025-03-19 15:52:28] ERROR: Undefined variable $id in C:\xampp\htdocs\lottery-analysis\templates\components\chart_container.php on line 52
[2025-03-19 15:52:36] ERROR: Undefined variable $id in C:\xampp\htdocs\lottery-analysis\templates\components\chart_container.php on line 41
[2025-03-19 15:52:36] ERROR: Undefined variable $id in C:\xampp\htdocs\lottery-analysis\templates\components\chart_container.php on line 52
[2025-03-19 15:53:08] ERROR: Undefined variable $id in C:\xampp\htdocs\lottery-analysis\templates\components\chart_container.php on line 41
[2025-03-19 15:53:08] ERROR: Undefined variable $id in C:\xampp\htdocs\lottery-analysis\templates\components\chart_container.php on line 52
[2025-03-19 15:53:17] ERROR: Undefined variable $id in C:\xampp\htdocs\lottery-analysis\templates\components\chart_container.php on line 41
[2025-03-19 15:53:17] ERROR: Undefined variable $id in C:\xampp\htdocs\lottery-analysis\templates\components\chart_container.php on line 52
[2025-03-19 16:26:48] ERROR: Undefined variable $id in C:\xampp\htdocs\lottery-analysis\templates\components\chart_container.php on line 41
[2025-03-19 16:26:48] ERROR: Undefined variable $id in C:\xampp\htdocs\lottery-analysis\templates\components\chart_container.php on line 52
[2025-03-19 16:26:54] ERROR: Undefined variable $id in C:\xampp\htdocs\lottery-analysis\templates\components\chart_container.php on line 41
[2025-03-19 16:26:54] ERROR: Undefined variable $id in C:\xampp\htdocs\lottery-analysis\templates\components\chart_container.php on line 52
[2025-03-19 16:36:54] ERROR: Undefined variable $id in C:\xampp\htdocs\lottery-analysis\templates\components\chart_container.php on line 41
[2025-03-19 16:36:54] ERROR: Undefined variable $id in C:\xampp\htdocs\lottery-analysis\templates\components\chart_container.php on line 52
[2025-03-19 16:42:27] ERROR: Undefined variable $id in C:\xampp\htdocs\lottery-analysis\templates\components\chart_container.php on line 41
[2025-03-19 16:42:27] ERROR: Undefined variable $id in C:\xampp\htdocs\lottery-analysis\templates\components\chart_container.php on line 52
[2025-03-19 16:42:52] ERROR: Undefined variable $id in C:\xampp\htdocs\lottery-analysis\templates\components\chart_container.php on line 41
[2025-03-19 16:42:52] ERROR: Undefined variable $id in C:\xampp\htdocs\lottery-analysis\templates\components\chart_container.php on line 52
[2025-03-19 16:42:52] ERROR: Undefined variable $id in C:\xampp\htdocs\lottery-analysis\templates\components\chart_container.php on line 41
[2025-03-19 16:42:52] ERROR: Undefined variable $id in C:\xampp\htdocs\lottery-analysis\templates\components\chart_container.php on line 52
[2025-03-19 16:50:12] ERROR: include(C:\xampp\htdocs\lottery-analysis\public/templates/header.php): Failed to open stream: No such file or directory in C:\xampp\htdocs\lottery-analysis\public\statistics.php on line 88
[2025-03-19 16:50:12] ERROR: include(): Failed opening 'C:\xampp\htdocs\lottery-analysis\public/templates/header.php' for inclusion (include_path='C:\xampp\php\PEAR') in C:\xampp\htdocs\lottery-analysis\public\statistics.php on line 88
[2025-03-19 16:50:12] ERROR: include(C:\xampp\htdocs\lottery-analysis\public/templates/components/chart_container.php): Failed to open stream: No such file or directory in C:\xampp\htdocs\lottery-analysis\public\statistics.php on line 193
[2025-03-19 16:50:12] ERROR: include(): Failed opening 'C:\xampp\htdocs\lottery-analysis\public/templates/components/chart_container.php' for inclusion (include_path='C:\xampp\php\PEAR') in C:\xampp\htdocs\lottery-analysis\public\statistics.php on line 193
[2025-03-19 16:50:12] ERROR: include(C:\xampp\htdocs\lottery-analysis\public/templates/components/chart_container.php): Failed to open stream: No such file or directory in C:\xampp\htdocs\lottery-analysis\public\statistics.php on line 266
[2025-03-19 16:50:12] ERROR: include(): Failed opening 'C:\xampp\htdocs\lottery-analysis\public/templates/components/chart_container.php' for inclusion (include_path='C:\xampp\php\PEAR') in C:\xampp\htdocs\lottery-analysis\public\statistics.php on line 266
[2025-03-19 16:50:12] ERROR: include(C:\xampp\htdocs\lottery-analysis\public/templates/components/chart_container.php): Failed to open stream: No such file or directory in C:\xampp\htdocs\lottery-analysis\public\statistics.php on line 374
[2025-03-19 16:50:12] ERROR: include(): Failed opening 'C:\xampp\htdocs\lottery-analysis\public/templates/components/chart_container.php' for inclusion (include_path='C:\xampp\php\PEAR') in C:\xampp\htdocs\lottery-analysis\public\statistics.php on line 374
[2025-03-19 16:50:12] ERROR: include(C:\xampp\htdocs\lottery-analysis\public/templates/footer.php): Failed to open stream: No such file or directory in C:\xampp\htdocs\lottery-analysis\public\statistics.php on line 611
[2025-03-19 16:50:12] ERROR: include(): Failed opening 'C:\xampp\htdocs\lottery-analysis\public/templates/footer.php' for inclusion (include_path='C:\xampp\php\PEAR') in C:\xampp\htdocs\lottery-analysis\public\statistics.php on line 611
[2025-03-19 16:50:40] ERROR: Undefined variable $id in C:\xampp\htdocs\lottery-analysis\templates\components\chart_container.php on line 41
[2025-03-19 16:50:40] ERROR: Undefined variable $id in C:\xampp\htdocs\lottery-analysis\templates\components\chart_container.php on line 52
[2025-03-19 16:50:40] ERROR: Undefined variable $id in C:\xampp\htdocs\lottery-analysis\templates\components\chart_container.php on line 41
[2025-03-19 16:50:40] ERROR: Undefined variable $id in C:\xampp\htdocs\lottery-analysis\templates\components\chart_container.php on line 52
[2025-03-19 16:50:40] ERROR: Undefined variable $id in C:\xampp\htdocs\lottery-analysis\templates\components\chart_container.php on line 41
[2025-03-19 16:50:40] ERROR: Undefined variable $id in C:\xampp\htdocs\lottery-analysis\templates\components\chart_container.php on line 52
[2025-03-19 16:50:52] ERROR: Undefined variable $id in C:\xampp\htdocs\lottery-analysis\templates\components\chart_container.php on line 41
[2025-03-19 16:50:52] ERROR: Undefined variable $id in C:\xampp\htdocs\lottery-analysis\templates\components\chart_container.php on line 52
[2025-03-19 16:50:52] ERROR: Undefined variable $id in C:\xampp\htdocs\lottery-analysis\templates\components\chart_container.php on line 41
[2025-03-19 16:50:52] ERROR: Undefined variable $id in C:\xampp\htdocs\lottery-analysis\templates\components\chart_container.php on line 52
[2025-03-19 16:50:52] ERROR: Undefined variable $id in C:\xampp\htdocs\lottery-analysis\templates\components\chart_container.php on line 41
[2025-03-19 16:50:52] ERROR: Undefined variable $id in C:\xampp\htdocs\lottery-analysis\templates\components\chart_container.php on line 52
[2025-03-19 16:51:14] ERROR: Undefined variable $id in C:\xampp\htdocs\lottery-analysis\templates\components\chart_container.php on line 41
[2025-03-19 16:51:14] ERROR: Undefined variable $id in C:\xampp\htdocs\lottery-analysis\templates\components\chart_container.php on line 52
[2025-03-19 17:00:23] ERROR: include(C:\xampp\htdocs\lottery-analysis\public/templates/header.php): Failed to open stream: No such file or directory in C:\xampp\htdocs\lottery-analysis\public\history.php on line 102
[2025-03-19 17:00:23] ERROR: include(): Failed opening 'C:\xampp\htdocs\lottery-analysis\public/templates/header.php' for inclusion (include_path='C:\xampp\php\PEAR') in C:\xampp\htdocs\lottery-analysis\public\history.php on line 102
[2025-03-19 17:00:23] ERROR: include(C:\xampp\htdocs\lottery-analysis\public/templates/components/stat_card.php): Failed to open stream: No such file or directory in C:\xampp\htdocs\lottery-analysis\public\history.php on line 182
[2025-03-19 17:00:23] ERROR: include(): Failed opening 'C:\xampp\htdocs\lottery-analysis\public/templates/components/stat_card.php' for inclusion (include_path='C:\xampp\php\PEAR') in C:\xampp\htdocs\lottery-analysis\public\history.php on line 182
[2025-03-19 17:00:23] ERROR: number_format(): Passing null to parameter #1 ($num) of type float is deprecated in C:\xampp\htdocs\lottery-analysis\public\history.php on line 186
[2025-03-19 17:00:23] ERROR: include(C:\xampp\htdocs\lottery-analysis\public/templates/components/stat_card.php): Failed to open stream: No such file or directory in C:\xampp\htdocs\lottery-analysis\public\history.php on line 191
[2025-03-19 17:00:23] ERROR: include(): Failed opening 'C:\xampp\htdocs\lottery-analysis\public/templates/components/stat_card.php' for inclusion (include_path='C:\xampp\php\PEAR') in C:\xampp\htdocs\lottery-analysis\public\history.php on line 191
[2025-03-19 17:00:23] ERROR: include(C:\xampp\htdocs\lottery-analysis\public/templates/components/stat_card.php): Failed to open stream: No such file or directory in C:\xampp\htdocs\lottery-analysis\public\history.php on line 202
[2025-03-19 17:00:23] ERROR: include(): Failed opening 'C:\xampp\htdocs\lottery-analysis\public/templates/components/stat_card.php' for inclusion (include_path='C:\xampp\php\PEAR') in C:\xampp\htdocs\lottery-analysis\public\history.php on line 202
[2025-03-19 17:00:23] ERROR: include(C:\xampp\htdocs\lottery-analysis\public/templates/components/stat_card.php): Failed to open stream: No such file or directory in C:\xampp\htdocs\lottery-analysis\public\history.php on line 212
[2025-03-19 17:00:23] ERROR: include(): Failed opening 'C:\xampp\htdocs\lottery-analysis\public/templates/components/stat_card.php' for inclusion (include_path='C:\xampp\php\PEAR') in C:\xampp\htdocs\lottery-analysis\public\history.php on line 212
[2025-03-19 17:00:23] ERROR: include(C:\xampp\htdocs\lottery-analysis\public/templates/footer.php): Failed to open stream: No such file or directory in C:\xampp\htdocs\lottery-analysis\public\history.php on line 533
[2025-03-19 17:00:23] ERROR: include(): Failed opening 'C:\xampp\htdocs\lottery-analysis\public/templates/footer.php' for inclusion (include_path='C:\xampp\php\PEAR') in C:\xampp\htdocs\lottery-analysis\public\history.php on line 533
[2025-03-19 17:00:24] ERROR: include(C:\xampp\htdocs\lottery-analysis\public/templates/header.php): Failed to open stream: No such file or directory in C:\xampp\htdocs\lottery-analysis\public\history.php on line 102
[2025-03-19 17:00:24] ERROR: include(): Failed opening 'C:\xampp\htdocs\lottery-analysis\public/templates/header.php' for inclusion (include_path='C:\xampp\php\PEAR') in C:\xampp\htdocs\lottery-analysis\public\history.php on line 102
[2025-03-19 17:00:24] ERROR: include(C:\xampp\htdocs\lottery-analysis\public/templates/components/stat_card.php): Failed to open stream: No such file or directory in C:\xampp\htdocs\lottery-analysis\public\history.php on line 182
[2025-03-19 17:00:24] ERROR: include(): Failed opening 'C:\xampp\htdocs\lottery-analysis\public/templates/components/stat_card.php' for inclusion (include_path='C:\xampp\php\PEAR') in C:\xampp\htdocs\lottery-analysis\public\history.php on line 182
[2025-03-19 17:00:24] ERROR: number_format(): Passing null to parameter #1 ($num) of type float is deprecated in C:\xampp\htdocs\lottery-analysis\public\history.php on line 186
[2025-03-19 17:00:24] ERROR: include(C:\xampp\htdocs\lottery-analysis\public/templates/components/stat_card.php): Failed to open stream: No such file or directory in C:\xampp\htdocs\lottery-analysis\public\history.php on line 191
[2025-03-19 17:00:24] ERROR: include(): Failed opening 'C:\xampp\htdocs\lottery-analysis\public/templates/components/stat_card.php' for inclusion (include_path='C:\xampp\php\PEAR') in C:\xampp\htdocs\lottery-analysis\public\history.php on line 191
[2025-03-19 17:00:24] ERROR: include(C:\xampp\htdocs\lottery-analysis\public/templates/components/stat_card.php): Failed to open stream: No such file or directory in C:\xampp\htdocs\lottery-analysis\public\history.php on line 202
[2025-03-19 17:00:24] ERROR: include(): Failed opening 'C:\xampp\htdocs\lottery-analysis\public/templates/components/stat_card.php' for inclusion (include_path='C:\xampp\php\PEAR') in C:\xampp\htdocs\lottery-analysis\public\history.php on line 202
[2025-03-19 17:00:24] ERROR: include(C:\xampp\htdocs\lottery-analysis\public/templates/components/stat_card.php): Failed to open stream: No such file or directory in C:\xampp\htdocs\lottery-analysis\public\history.php on line 212
[2025-03-19 17:00:24] ERROR: include(): Failed opening 'C:\xampp\htdocs\lottery-analysis\public/templates/components/stat_card.php' for inclusion (include_path='C:\xampp\php\PEAR') in C:\xampp\htdocs\lottery-analysis\public\history.php on line 212
[2025-03-19 17:00:24] ERROR: include(C:\xampp\htdocs\lottery-analysis\public/templates/footer.php): Failed to open stream: No such file or directory in C:\xampp\htdocs\lottery-analysis\public\history.php on line 533
[2025-03-19 17:00:24] ERROR: include(): Failed opening 'C:\xampp\htdocs\lottery-analysis\public/templates/footer.php' for inclusion (include_path='C:\xampp\php\PEAR') in C:\xampp\htdocs\lottery-analysis\public\history.php on line 533
[2025-03-19 17:00:43] ERROR: number_format(): Passing null to parameter #1 ($num) of type float is deprecated in C:\xampp\htdocs\lottery-analysis\public\history.php on line 186
[2025-03-19 17:01:14] ERROR: Undefined variable $id in C:\xampp\htdocs\lottery-analysis\templates\components\chart_container.php on line 41
[2025-03-19 17:01:14] ERROR: Undefined variable $id in C:\xampp\htdocs\lottery-analysis\templates\components\chart_container.php on line 52
[2025-03-19 17:01:30] ERROR: Undefined array key "digit" in C:\xampp\htdocs\lottery-analysis\templates\components\prediction_card.php on line 73
[2025-03-19 17:01:30] ERROR: Undefined array key "digit" in C:\xampp\htdocs\lottery-analysis\templates\components\prediction_card.php on line 73
[2025-03-19 17:01:30] ERROR: Undefined array key "digit" in C:\xampp\htdocs\lottery-analysis\templates\components\prediction_card.php on line 73
[2025-03-19 17:01:30] ERROR: Undefined array key "digit" in C:\xampp\htdocs\lottery-analysis\templates\components\prediction_card.php on line 73
[2025-03-19 17:01:30] ERROR: Undefined array key "digit" in C:\xampp\htdocs\lottery-analysis\templates\components\prediction_card.php on line 73
[2025-03-19 17:01:30] ERROR: Undefined array key "digit" in C:\xampp\htdocs\lottery-analysis\templates\components\prediction_card.php on line 73
[2025-03-19 17:01:30] ERROR: Undefined array key "digit" in C:\xampp\htdocs\lottery-analysis\templates\components\prediction_card.php on line 73
[2025-03-19 17:01:30] ERROR: Undefined array key "digit" in C:\xampp\htdocs\lottery-analysis\templates\components\prediction_card.php on line 73
[2025-03-19 17:01:30] ERROR: Undefined array key "digit" in C:\xampp\htdocs\lottery-analysis\templates\components\prediction_card.php on line 73
[2025-03-19 17:01:30] ERROR: Undefined array key "digit" in C:\xampp\htdocs\lottery-analysis\templates\components\prediction_card.php on line 73
[2025-03-19 17:01:30] ERROR: Undefined array key "digit" in C:\xampp\htdocs\lottery-analysis\templates\components\prediction_card.php on line 73
[2025-03-19 17:01:30] ERROR: Undefined array key "digit" in C:\xampp\htdocs\lottery-analysis\templates\components\prediction_card.php on line 73
[2025-03-19 17:01:30] ERROR: Undefined array key "digit" in C:\xampp\htdocs\lottery-analysis\templates\components\prediction_card.php on line 73
[2025-03-19 17:01:30] ERROR: Undefined array key "digit" in C:\xampp\htdocs\lottery-analysis\templates\components\prediction_card.php on line 73
[2025-03-19 17:01:30] ERROR: Undefined array key "digit" in C:\xampp\htdocs\lottery-analysis\templates\components\prediction_card.php on line 73
[2025-03-19 17:01:30] ERROR: Undefined array key "digit" in C:\xampp\htdocs\lottery-analysis\templates\components\prediction_card.php on line 73
[2025-03-19 17:01:30] ERROR: Undefined array key "digit" in C:\xampp\htdocs\lottery-analysis\templates\components\prediction_card.php on line 73
[2025-03-19 17:01:30] ERROR: Undefined array key "digit" in C:\xampp\htdocs\lottery-analysis\templates\components\prediction_card.php on line 73
[2025-03-19 17:01:30] ERROR: Undefined array key "digit" in C:\xampp\htdocs\lottery-analysis\templates\components\prediction_card.php on line 73
[2025-03-19 17:01:30] ERROR: Undefined array key "digit" in C:\xampp\htdocs\lottery-analysis\templates\components\prediction_card.php on line 73
[2025-03-19 17:01:30] ERROR: Undefined variable $id in C:\xampp\htdocs\lottery-analysis\templates\components\chart_container.php on line 41
[2025-03-19 17:01:30] ERROR: Undefined variable $id in C:\xampp\htdocs\lottery-analysis\templates\components\chart_container.php on line 52
[2025-03-19 17:01:47] ERROR: Undefined variable $id in C:\xampp\htdocs\lottery-analysis\templates\components\chart_container.php on line 41
[2025-03-19 17:01:47] ERROR: Undefined variable $id in C:\xampp\htdocs\lottery-analysis\templates\components\chart_container.php on line 52
[2025-03-19 17:03:20] ERROR: Undefined array key "digit" in C:\xampp\htdocs\lottery-analysis\templates\components\prediction_card.php on line 73
[2025-03-19 17:03:20] ERROR: Undefined array key "digit" in C:\xampp\htdocs\lottery-analysis\templates\components\prediction_card.php on line 73
[2025-03-19 17:03:20] ERROR: Undefined array key "digit" in C:\xampp\htdocs\lottery-analysis\templates\components\prediction_card.php on line 73
[2025-03-19 17:03:20] ERROR: Undefined array key "digit" in C:\xampp\htdocs\lottery-analysis\templates\components\prediction_card.php on line 73
[2025-03-19 17:03:20] ERROR: Undefined array key "digit" in C:\xampp\htdocs\lottery-analysis\templates\components\prediction_card.php on line 73
[2025-03-19 17:03:20] ERROR: Undefined array key "digit" in C:\xampp\htdocs\lottery-analysis\templates\components\prediction_card.php on line 73
[2025-03-19 17:03:20] ERROR: Undefined array key "digit" in C:\xampp\htdocs\lottery-analysis\templates\components\prediction_card.php on line 73
[2025-03-19 17:03:20] ERROR: Undefined array key "digit" in C:\xampp\htdocs\lottery-analysis\templates\components\prediction_card.php on line 73
[2025-03-19 17:03:20] ERROR: Undefined array key "digit" in C:\xampp\htdocs\lottery-analysis\templates\components\prediction_card.php on line 73
[2025-03-19 17:03:20] ERROR: Undefined array key "digit" in C:\xampp\htdocs\lottery-analysis\templates\components\prediction_card.php on line 73
[2025-03-19 17:03:20] ERROR: Undefined array key "digit" in C:\xampp\htdocs\lottery-analysis\templates\components\prediction_card.php on line 73
[2025-03-19 17:03:20] ERROR: Undefined array key "digit" in C:\xampp\htdocs\lottery-analysis\templates\components\prediction_card.php on line 73
[2025-03-19 17:03:20] ERROR: Undefined array key "digit" in C:\xampp\htdocs\lottery-analysis\templates\components\prediction_card.php on line 73
[2025-03-19 17:03:20] ERROR: Undefined array key "digit" in C:\xampp\htdocs\lottery-analysis\templates\components\prediction_card.php on line 73
[2025-03-19 17:03:20] ERROR: Undefined array key "digit" in C:\xampp\htdocs\lottery-analysis\templates\components\prediction_card.php on line 73
[2025-03-19 17:03:20] ERROR: Undefined array key "digit" in C:\xampp\htdocs\lottery-analysis\templates\components\prediction_card.php on line 73
[2025-03-19 17:03:20] ERROR: Undefined array key "digit" in C:\xampp\htdocs\lottery-analysis\templates\components\prediction_card.php on line 73
[2025-03-19 17:03:20] ERROR: Undefined array key "digit" in C:\xampp\htdocs\lottery-analysis\templates\components\prediction_card.php on line 73
[2025-03-19 17:03:20] ERROR: Undefined array key "digit" in C:\xampp\htdocs\lottery-analysis\templates\components\prediction_card.php on line 73
[2025-03-19 17:03:20] ERROR: Undefined array key "digit" in C:\xampp\htdocs\lottery-analysis\templates\components\prediction_card.php on line 73
[2025-03-19 17:03:20] ERROR: Undefined variable $id in C:\xampp\htdocs\lottery-analysis\templates\components\chart_container.php on line 41
[2025-03-19 17:03:20] ERROR: Undefined variable $id in C:\xampp\htdocs\lottery-analysis\templates\components\chart_container.php on line 52
[2025-03-19 17:06:24] ERROR: Undefined variable $id in C:\xampp\htdocs\lottery-analysis\templates\components\chart_container.php on line 41
[2025-03-19 17:06:24] ERROR: Undefined variable $id in C:\xampp\htdocs\lottery-analysis\templates\components\chart_container.php on line 52
[2025-03-19 17:06:42] ERROR: Undefined variable $id in C:\xampp\htdocs\lottery-analysis\templates\components\chart_container.php on line 41
[2025-03-19 17:06:42] ERROR: Undefined variable $id in C:\xampp\htdocs\lottery-analysis\templates\components\chart_container.php on line 52
[2025-03-19 17:06:45] ERROR: Undefined variable $id in C:\xampp\htdocs\lottery-analysis\templates\components\chart_container.php on line 41
[2025-03-19 17:06:45] ERROR: Undefined variable $id in C:\xampp\htdocs\lottery-analysis\templates\components\chart_container.php on line 52
[2025-03-19 17:07:35] ERROR: Undefined variable $id in C:\xampp\htdocs\lottery-analysis\templates\components\chart_container.php on line 41
[2025-03-19 17:07:35] ERROR: Undefined variable $id in C:\xampp\htdocs\lottery-analysis\templates\components\chart_container.php on line 52
[2025-03-19 17:07:54] ERROR: Undefined variable $id in C:\xampp\htdocs\lottery-analysis\templates\components\chart_container.php on line 41
[2025-03-19 17:07:54] ERROR: Undefined variable $id in C:\xampp\htdocs\lottery-analysis\templates\components\chart_container.php on line 52
[2025-03-19 17:08:24] ERROR: Undefined variable $id in C:\xampp\htdocs\lottery-analysis\templates\components\chart_container.php on line 41
[2025-03-19 17:08:24] ERROR: Undefined variable $id in C:\xampp\htdocs\lottery-analysis\templates\components\chart_container.php on line 52
[2025-03-19 17:09:45] ERROR: Undefined variable $id in C:\xampp\htdocs\lottery-analysis\templates\components\chart_container.php on line 41
[2025-03-19 17:09:45] ERROR: Undefined variable $id in C:\xampp\htdocs\lottery-analysis\templates\components\chart_container.php on line 52
[2025-03-19 17:09:54] ERROR: Undefined variable $id in C:\xampp\htdocs\lottery-analysis\templates\components\chart_container.php on line 41
[2025-03-19 17:09:54] ERROR: Undefined variable $id in C:\xampp\htdocs\lottery-analysis\templates\components\chart_container.php on line 52
[2025-03-19 17:09:55] ERROR: Undefined variable $id in C:\xampp\htdocs\lottery-analysis\templates\components\chart_container.php on line 41
[2025-03-19 17:09:55] ERROR: Undefined variable $id in C:\xampp\htdocs\lottery-analysis\templates\components\chart_container.php on line 52
[2025-03-19 17:09:57] ERROR: Undefined variable $id in C:\xampp\htdocs\lottery-analysis\templates\components\chart_container.php on line 41
[2025-03-19 17:09:57] ERROR: Undefined variable $id in C:\xampp\htdocs\lottery-analysis\templates\components\chart_container.php on line 52
[2025-03-19 17:10:25] ERROR: Undefined variable $id in C:\xampp\htdocs\lottery-analysis\templates\components\chart_container.php on line 41
[2025-03-19 17:10:25] ERROR: Undefined variable $id in C:\xampp\htdocs\lottery-analysis\templates\components\chart_container.php on line 52
[2025-03-19 17:10:43] ERROR: Undefined variable $id in C:\xampp\htdocs\lottery-analysis\templates\components\chart_container.php on line 41
[2025-03-19 17:10:43] ERROR: Undefined variable $id in C:\xampp\htdocs\lottery-analysis\templates\components\chart_container.php on line 52
[2025-03-19 17:13:05] ERROR: Undefined variable $id in C:\xampp\htdocs\lottery-analysis\templates\components\chart_container.php on line 41
[2025-03-19 17:13:05] ERROR: Undefined variable $id in C:\xampp\htdocs\lottery-analysis\templates\components\chart_container.php on line 52
[2025-03-19 17:20:39] ERROR: Undefined variable $id in C:\xampp\htdocs\lottery-analysis\templates\components\chart_container.php on line 41
[2025-03-19 17:20:39] ERROR: Undefined variable $id in C:\xampp\htdocs\lottery-analysis\templates\components\chart_container.php on line 52
[2025-03-19 17:20:57] ERROR: Undefined variable $id in C:\xampp\htdocs\lottery-analysis\templates\components\chart_container.php on line 41
[2025-03-19 17:20:57] ERROR: Undefined variable $id in C:\xampp\htdocs\lottery-analysis\templates\components\chart_container.php on line 52
[2025-03-19 17:21:32] ERROR: Undefined variable $id in C:\xampp\htdocs\lottery-analysis\templates\components\chart_container.php on line 41
[2025-03-19 17:21:32] ERROR: Undefined variable $id in C:\xampp\htdocs\lottery-analysis\templates\components\chart_container.php on line 52
[2025-03-19 17:22:01] ERROR: Undefined variable $id in C:\xampp\htdocs\lottery-analysis\templates\components\chart_container.php on line 41
[2025-03-19 17:22:01] ERROR: Undefined variable $id in C:\xampp\htdocs\lottery-analysis\templates\components\chart_container.php on line 52
[2025-03-19 17:22:29] ERROR: Undefined variable $id in C:\xampp\htdocs\lottery-analysis\templates\components\chart_container.php on line 41
[2025-03-19 17:22:29] ERROR: Undefined variable $id in C:\xampp\htdocs\lottery-analysis\templates\components\chart_container.php on line 52
[2025-03-19 17:22:48] ERROR: Undefined variable $id in C:\xampp\htdocs\lottery-analysis\templates\components\chart_container.php on line 41
[2025-03-19 17:22:48] ERROR: Undefined variable $id in C:\xampp\htdocs\lottery-analysis\templates\components\chart_container.php on line 52
[2025-03-19 17:23:05] ERROR: Undefined variable $id in C:\xampp\htdocs\lottery-analysis\templates\components\chart_container.php on line 41
[2025-03-19 17:23:05] ERROR: Undefined variable $id in C:\xampp\htdocs\lottery-analysis\templates\components\chart_container.php on line 52
[2025-03-19 17:23:30] ERROR: Undefined variable $id in C:\xampp\htdocs\lottery-analysis\templates\components\chart_container.php on line 41
[2025-03-19 17:23:30] ERROR: Undefined variable $id in C:\xampp\htdocs\lottery-analysis\templates\components\chart_container.php on line 52
[2025-03-19 17:24:00] ERROR: Undefined variable $id in C:\xampp\htdocs\lottery-analysis\templates\components\chart_container.php on line 41
[2025-03-19 17:24:00] ERROR: Undefined variable $id in C:\xampp\htdocs\lottery-analysis\templates\components\chart_container.php on line 52
[2025-03-19 17:27:17] ERROR: Undefined variable $id in C:\xampp\htdocs\lottery-analysis\templates\components\chart_container.php on line 41
[2025-03-19 17:27:17] ERROR: Undefined variable $id in C:\xampp\htdocs\lottery-analysis\templates\components\chart_container.php on line 52
[2025-03-19 17:27:40] ERROR: Undefined variable $id in C:\xampp\htdocs\lottery-analysis\templates\components\chart_container.php on line 41
[2025-03-19 17:27:40] ERROR: Undefined variable $id in C:\xampp\htdocs\lottery-analysis\templates\components\chart_container.php on line 52
[2025-03-19 17:27:43] ERROR: Undefined variable $id in C:\xampp\htdocs\lottery-analysis\templates\components\chart_container.php on line 41
[2025-03-19 17:27:43] ERROR: Undefined variable $id in C:\xampp\htdocs\lottery-analysis\templates\components\chart_container.php on line 52
[2025-03-19 17:28:09] ERROR: Undefined variable $id in C:\xampp\htdocs\lottery-analysis\templates\components\chart_container.php on line 41
[2025-03-19 17:28:09] ERROR: Undefined variable $id in C:\xampp\htdocs\lottery-analysis\templates\components\chart_container.php on line 52
[2025-03-19 17:28:12] ERROR: Undefined variable $id in C:\xampp\htdocs\lottery-analysis\templates\components\chart_container.php on line 41
[2025-03-19 17:28:12] ERROR: Undefined variable $id in C:\xampp\htdocs\lottery-analysis\templates\components\chart_container.php on line 52
[2025-03-19 17:28:25] ERROR: Undefined variable $id in C:\xampp\htdocs\lottery-analysis\templates\components\chart_container.php on line 41
[2025-03-19 17:28:25] ERROR: Undefined variable $id in C:\xampp\htdocs\lottery-analysis\templates\components\chart_container.php on line 52
